[debug] [2025-01-02T13:28:15.203Z] ----------------------------------------------------------------------
[debug] [2025-01-02T13:28:15.206Z] Command:       C:\Program Files\nodejs\node.exe C:\Users\ayusha\AppData\Roaming\npm\node_modules\firebase-tools\lib\bin\firebase.js init hosting
[debug] [2025-01-02T13:28:15.206Z] CLI Version:   13.29.1
[debug] [2025-01-02T13:28:15.206Z] Platform:      win32
[debug] [2025-01-02T13:28:15.206Z] Node Version:  v20.14.0
[debug] [2025-01-02T13:28:15.206Z] Time:          Thu Jan 02 2025 19:13:15 GMT+0545 (Nepal Time)
[debug] [2025-01-02T13:28:15.207Z] ----------------------------------------------------------------------
[debug] 
[debug] [2025-01-02T13:28:15.210Z] >>> [apiv2][query] GET https://firebase-public.firebaseio.com/cli.json [none]
[debug] [2025-01-02T13:28:15.263Z] > command requires scopes: ["email","openid","https://www.googleapis.com/auth/cloudplatformprojects.readonly","https://www.googleapis.com/auth/firebase","https://www.googleapis.com/auth/cloud-platform"]
[debug] [2025-01-02T13:28:15.264Z] > authorizing via signed-in user (shiwamkarn77@gmail.com)
[info] 
     ######## #### ########  ######## ########     ###     ######  ########
     ##        ##  ##     ## ##       ##     ##  ##   ##  ##       ##
     ######    ##  ########  ######   ########  #########  ######  ######
     ##        ##  ##    ##  ##       ##     ## ##     ##       ## ##
     ##       #### ##     ## ######## ########  ##     ##  ######  ########

You're about to initialize a Firebase project in this directory:

  C:\Users\ayusha\portfolio

[debug] [2025-01-02T13:28:15.934Z] <<< [apiv2][status] GET https://firebase-public.firebaseio.com/cli.json 200
[debug] [2025-01-02T13:28:15.935Z] <<< [apiv2][body] GET https://firebase-public.firebaseio.com/cli.json {"cloudBuildErrorAfter":1594252800000,"cloudBuildWarnAfter":1590019200000,"defaultNode10After":1594252800000,"minVersion":"3.0.5","node8DeploysDisabledAfter":1613390400000,"node8RuntimeDisabledAfter":1615809600000,"node8WarnAfter":1600128000000}
[info] 
=== Project Setup
[info] 
[info] First, let's associate this project directory with a Firebase project.
[info] You can create multiple project aliases by running firebase use --add, 
[info] but for now we'll just set up a default project.
[info] 
[info] i  If you want to create a project in a Google Cloud organization or folder, please use "firebase projects:create" instead, and return to this command when you've created the project. 
[debug] [2025-01-02T13:31:57.637Z] Checked if tokens are valid: false, expires at: 1721214231197
[debug] [2025-01-02T13:31:57.637Z] Checked if tokens are valid: false, expires at: 1721214231197
[debug] [2025-01-02T13:31:57.638Z] > refreshing access token with scopes: []
[debug] [2025-01-02T13:31:57.639Z] >>> [apiv2][query] POST https://www.googleapis.com/oauth2/v3/token [none]
[debug] [2025-01-02T13:31:57.639Z] >>> [apiv2][body] POST https://www.googleapis.com/oauth2/v3/token [omitted]
[debug] [2025-01-02T13:31:58.000Z] <<< [apiv2][status] POST https://www.googleapis.com/oauth2/v3/token 200
[debug] [2025-01-02T13:31:58.000Z] <<< [apiv2][body] POST https://www.googleapis.com/oauth2/v3/token [omitted]
[debug] [2025-01-02T13:31:58.009Z] >>> [apiv2][query] POST https://cloudresourcemanager.googleapis.com/v1/projects [none]
[debug] [2025-01-02T13:31:58.009Z] >>> [apiv2][body] POST https://cloudresourcemanager.googleapis.com/v1/projects {"projectId":"firebase projects:create web","name":"portfolio"}
[debug] [2025-01-02T13:31:59.773Z] <<< [apiv2][status] POST https://cloudresourcemanager.googleapis.com/v1/projects 400
[debug] [2025-01-02T13:31:59.773Z] <<< [apiv2][body] POST https://cloudresourcemanager.googleapis.com/v1/projects {"error":{"code":400,"message":"Request contains an invalid argument.","status":"INVALID_ARGUMENT","details":[{"@type":"type.googleapis.com/google.rpc.BadRequest","fieldViolations":[{"field":"project_id","description":"Cannot create domain prefixed projects"},{"field":"project_id","description":"project_id contains invalid characters"}]},{"@type":"type.googleapis.com/google.rpc.Help","links":[{"url":"https://cloud.google.com/resource-manager/reference/rest/v1/projects"}]}]}}
[debug] [2025-01-02T13:32:00.119Z] FirebaseError: Request to https://cloudresourcemanager.googleapis.com/v1/projects had HTTP Error: 400, Request contains an invalid argument.
    at responseToError (C:\Users\ayusha\AppData\Roaming\npm\node_modules\firebase-tools\lib\responseToError.js:52:12)
    at RetryOperation._fn (C:\Users\ayusha\AppData\Roaming\npm\node_modules\firebase-tools\lib\apiv2.js:312:77)
    at process.processTicksAndRejections (node:internal/process/task_queues:95:5)
[error] 
[error] Error: Failed to create project. See firebase-debug.log for more info.
[debug] [2025-01-02T13:32:18.980Z] ----------------------------------------------------------------------
[debug] [2025-01-02T13:32:18.983Z] Command:       C:\Program Files\nodejs\node.exe C:\Users\ayusha\AppData\Roaming\npm\node_modules\firebase-tools\lib\bin\firebase.js init hosting
[debug] [2025-01-02T13:32:18.983Z] CLI Version:   13.29.1
[debug] [2025-01-02T13:32:18.983Z] Platform:      win32
[debug] [2025-01-02T13:32:18.984Z] Node Version:  v20.14.0
[debug] [2025-01-02T13:32:18.984Z] Time:          Thu Jan 02 2025 19:17:18 GMT+0545 (Nepal Time)
[debug] [2025-01-02T13:32:18.984Z] ----------------------------------------------------------------------
[debug] 
[debug] [2025-01-02T13:32:18.990Z] > command requires scopes: ["email","openid","https://www.googleapis.com/auth/cloudplatformprojects.readonly","https://www.googleapis.com/auth/firebase","https://www.googleapis.com/auth/cloud-platform"]
[debug] [2025-01-02T13:32:18.991Z] > authorizing via signed-in user (shiwamkarn77@gmail.com)
[info] 
     ######## #### ########  ######## ########     ###     ######  ########
     ##        ##  ##     ## ##       ##     ##  ##   ##  ##       ##
     ######    ##  ########  ######   ########  #########  ######  ######
     ##        ##  ##    ##  ##       ##     ## ##     ##       ## ##
     ##       #### ##     ## ######## ########  ##     ##  ######  ########

You're about to initialize a Firebase project in this directory:

  C:\Users\ayusha\portfolio

[info] 
=== Project Setup
[info] 
[info] First, let's associate this project directory with a Firebase project.
[info] You can create multiple project aliases by running firebase use --add, 
[info] but for now we'll just set up a default project.
[info] 
[debug] [2025-01-02T13:32:31.845Z] Checked if tokens are valid: true, expires at: 1735828317000
[debug] [2025-01-02T13:32:31.846Z] Checked if tokens are valid: true, expires at: 1735828317000
[debug] [2025-01-02T13:32:31.848Z] >>> [apiv2][query] GET https://firebase.googleapis.com/v1beta1/projects pageSize=100
[debug] [2025-01-02T13:32:32.760Z] <<< [apiv2][status] GET https://firebase.googleapis.com/v1beta1/projects 200
[debug] [2025-01-02T13:32:32.761Z] <<< [apiv2][body] GET https://firebase.googleapis.com/v1beta1/projects [omitted]
[debug] [2025-01-02T13:32:51.398Z] ----------------------------------------------------------------------
[debug] [2025-01-02T13:32:51.401Z] Command:       C:\Program Files\nodejs\node.exe C:\Users\ayusha\AppData\Roaming\npm\node_modules\firebase-tools\lib\bin\firebase.js init hosting
[debug] [2025-01-02T13:32:51.402Z] CLI Version:   13.29.1
[debug] [2025-01-02T13:32:51.402Z] Platform:      win32
[debug] [2025-01-02T13:32:51.402Z] Node Version:  v20.14.0
[debug] [2025-01-02T13:32:51.402Z] Time:          Thu Jan 02 2025 19:17:51 GMT+0545 (Nepal Time)
[debug] [2025-01-02T13:32:51.402Z] ----------------------------------------------------------------------
[debug] 
[debug] [2025-01-02T13:32:51.409Z] > command requires scopes: ["email","openid","https://www.googleapis.com/auth/cloudplatformprojects.readonly","https://www.googleapis.com/auth/firebase","https://www.googleapis.com/auth/cloud-platform"]
[debug] [2025-01-02T13:32:51.410Z] > authorizing via signed-in user (shiwamkarn77@gmail.com)
[info] 
     ######## #### ########  ######## ########     ###     ######  ########
     ##        ##  ##     ## ##       ##     ##  ##   ##  ##       ##
     ######    ##  ########  ######   ########  #########  ######  ######
     ##        ##  ##    ##  ##       ##     ## ##     ##       ## ##
     ##       #### ##     ## ######## ########  ##     ##  ######  ########

You're about to initialize a Firebase project in this directory:

  C:\Users\ayusha\portfolio

[info] 
=== Project Setup
[info] 
[info] First, let's associate this project directory with a Firebase project.
[info] You can create multiple project aliases by running firebase use --add, 
[info] but for now we'll just set up a default project.
[info] 
[info] i  If you want to create a project in a Google Cloud organization or folder, please use "firebase projects:create" instead, and return to this command when you've created the project. 
[debug] [2025-01-02T13:34:07.627Z] Checked if tokens are valid: true, expires at: 1735828317000
[debug] [2025-01-02T13:34:07.627Z] Checked if tokens are valid: true, expires at: 1735828317000
[debug] [2025-01-02T13:34:07.629Z] >>> [apiv2][query] POST https://cloudresourcemanager.googleapis.com/v1/projects [none]
[debug] [2025-01-02T13:34:07.629Z] >>> [apiv2][body] POST https://cloudresourcemanager.googleapis.com/v1/projects {"projectId":"com.portfolio.web","name":"com.portfolio.web"}
[debug] [2025-01-02T13:34:09.303Z] <<< [apiv2][status] POST https://cloudresourcemanager.googleapis.com/v1/projects 400
[debug] [2025-01-02T13:34:09.303Z] <<< [apiv2][body] POST https://cloudresourcemanager.googleapis.com/v1/projects {"error":{"code":400,"message":"Request contains an invalid argument.","status":"INVALID_ARGUMENT","details":[{"@type":"type.googleapis.com/google.rpc.BadRequest","fieldViolations":[{"field":"project_id","description":"project_id contains invalid characters"},{"field":"display_name","description":"project display name contains invalid characters"}]},{"@type":"type.googleapis.com/google.rpc.Help","links":[{"url":"https://cloud.google.com/resource-manager/reference/rest/v1/projects"}]}]}}
[debug] [2025-01-02T13:34:09.602Z] FirebaseError: Request to https://cloudresourcemanager.googleapis.com/v1/projects had HTTP Error: 400, Request contains an invalid argument.
    at responseToError (C:\Users\ayusha\AppData\Roaming\npm\node_modules\firebase-tools\lib\responseToError.js:52:12)
    at RetryOperation._fn (C:\Users\ayusha\AppData\Roaming\npm\node_modules\firebase-tools\lib\apiv2.js:312:77)
    at process.processTicksAndRejections (node:internal/process/task_queues:95:5)
[error] 
[error] Error: Failed to create project. See firebase-debug.log for more info.
[debug] [2025-01-02T13:35:01.269Z] ----------------------------------------------------------------------
[debug] [2025-01-02T13:35:01.272Z] Command:       C:\Program Files\nodejs\node.exe C:\Users\ayusha\AppData\Roaming\npm\node_modules\firebase-tools\lib\bin\firebase.js init hosting
[debug] [2025-01-02T13:35:01.273Z] CLI Version:   13.29.1
[debug] [2025-01-02T13:35:01.273Z] Platform:      win32
[debug] [2025-01-02T13:35:01.273Z] Node Version:  v20.14.0
[debug] [2025-01-02T13:35:01.273Z] Time:          Thu Jan 02 2025 19:20:01 GMT+0545 (Nepal Time)
[debug] [2025-01-02T13:35:01.273Z] ----------------------------------------------------------------------
[debug] 
[debug] [2025-01-02T13:35:01.281Z] > command requires scopes: ["email","openid","https://www.googleapis.com/auth/cloudplatformprojects.readonly","https://www.googleapis.com/auth/firebase","https://www.googleapis.com/auth/cloud-platform"]
[debug] [2025-01-02T13:35:01.281Z] > authorizing via signed-in user (shiwamkarn77@gmail.com)
[info] 
     ######## #### ########  ######## ########     ###     ######  ########
     ##        ##  ##     ## ##       ##     ##  ##   ##  ##       ##
     ######    ##  ########  ######   ########  #########  ######  ######
     ##        ##  ##    ##  ##       ##     ## ##     ##       ## ##
     ##       #### ##     ## ######## ########  ##     ##  ######  ########

You're about to initialize a Firebase project in this directory:

  C:\Users\ayusha\portfolio

[info] 
=== Project Setup
[info] 
[info] First, let's associate this project directory with a Firebase project.
[info] You can create multiple project aliases by running firebase use --add, 
[info] but for now we'll just set up a default project.
[info] 
[info] i  If you want to create a project in a Google Cloud organization or folder, please use "firebase projects:create" instead, and return to this command when you've created the project. 
[debug] [2025-01-02T13:35:16.391Z] Checked if tokens are valid: true, expires at: 1735828317000
[debug] [2025-01-02T13:35:16.392Z] Checked if tokens are valid: true, expires at: 1735828317000
[debug] [2025-01-02T13:35:16.394Z] >>> [apiv2][query] POST https://cloudresourcemanager.googleapis.com/v1/projects [none]
[debug] [2025-01-02T13:35:16.394Z] >>> [apiv2][body] POST https://cloudresourcemanager.googleapis.com/v1/projects {"projectId":"com-portfolio-web","name":"com-portfolio-web"}
[debug] [2025-01-02T13:35:18.386Z] <<< [apiv2][status] POST https://cloudresourcemanager.googleapis.com/v1/projects 200
[debug] [2025-01-02T13:35:18.386Z] <<< [apiv2][body] POST https://cloudresourcemanager.googleapis.com/v1/projects {"name":"operations/cp.7263276755120892889"}
[debug] [2025-01-02T13:35:18.387Z] Checked if tokens are valid: true, expires at: 1735828317000
[debug] [2025-01-02T13:35:18.387Z] Checked if tokens are valid: true, expires at: 1735828317000
[debug] [2025-01-02T13:35:18.387Z] >>> [apiv2][query] GET https://cloudresourcemanager.googleapis.com/v1/operations/cp.7263276755120892889 [none]
[debug] [2025-01-02T13:35:20.100Z] <<< [apiv2][status] GET https://cloudresourcemanager.googleapis.com/v1/operations/cp.7263276755120892889 200
[debug] [2025-01-02T13:35:20.100Z] <<< [apiv2][body] GET https://cloudresourcemanager.googleapis.com/v1/operations/cp.7263276755120892889 {"name":"operations/cp.7263276755120892889"}
[debug] [2025-01-02T13:35:20.607Z] [Project Creation Poller] Retrying task index 0
[debug] [2025-01-02T13:35:20.608Z] Checked if tokens are valid: true, expires at: 1735828317000
[debug] [2025-01-02T13:35:20.608Z] Checked if tokens are valid: true, expires at: 1735828317000
[debug] [2025-01-02T13:35:20.609Z] >>> [apiv2][query] GET https://cloudresourcemanager.googleapis.com/v1/operations/cp.7263276755120892889 [none]
[debug] [2025-01-02T13:35:21.194Z] <<< [apiv2][status] GET https://cloudresourcemanager.googleapis.com/v1/operations/cp.7263276755120892889 200
[debug] [2025-01-02T13:35:21.195Z] <<< [apiv2][body] GET https://cloudresourcemanager.googleapis.com/v1/operations/cp.7263276755120892889 {"name":"operations/cp.7263276755120892889","metadata":{"@type":"type.googleapis.com/google.cloudresourcemanager.v1.ProjectCreationStatus","gettable":true}}
[debug] [2025-01-02T13:35:22.196Z] [Project Creation Poller] Retrying task index 0
[debug] [2025-01-02T13:35:22.198Z] Checked if tokens are valid: true, expires at: 1735828317000
[debug] [2025-01-02T13:35:22.198Z] Checked if tokens are valid: true, expires at: 1735828317000
[debug] [2025-01-02T13:35:22.198Z] >>> [apiv2][query] GET https://cloudresourcemanager.googleapis.com/v1/operations/cp.7263276755120892889 [none]
[debug] [2025-01-02T13:35:22.773Z] <<< [apiv2][status] GET https://cloudresourcemanager.googleapis.com/v1/operations/cp.7263276755120892889 200
[debug] [2025-01-02T13:35:22.774Z] <<< [apiv2][body] GET https://cloudresourcemanager.googleapis.com/v1/operations/cp.7263276755120892889 {"name":"operations/cp.7263276755120892889","metadata":{"@type":"type.googleapis.com/google.cloudresourcemanager.v1.ProjectCreationStatus","gettable":true,"ready":true},"done":true,"response":{"@type":"type.googleapis.com/google.cloudresourcemanager.v1.Project","projectNumber":"743228774439","projectId":"com-portfolio-web","lifecycleState":"ACTIVE","name":"com-portfolio-web","createTime":"2025-01-02T13:35:20.614027Z"}}
[debug] [2025-01-02T13:35:22.776Z] Checked if tokens are valid: true, expires at: 1735828317000
[debug] [2025-01-02T13:35:22.776Z] Checked if tokens are valid: true, expires at: 1735828317000
[debug] [2025-01-02T13:35:22.777Z] >>> [apiv2][query] POST https://firebase.googleapis.com/v1beta1/projects/com-portfolio-web:addFirebase [none]
[debug] [2025-01-02T13:35:26.910Z] <<< [apiv2][status] POST https://firebase.googleapis.com/v1beta1/projects/com-portfolio-web:addFirebase 200
[debug] [2025-01-02T13:35:26.911Z] <<< [apiv2][body] POST https://firebase.googleapis.com/v1beta1/projects/com-portfolio-web:addFirebase {"name":"operations/workflows/YjRlNDk1MTAtYzkzYS00N2FkLWFiZGQtZWUzOTFhYWVmYjAx"}
[debug] [2025-01-02T13:35:26.911Z] Checked if tokens are valid: true, expires at: 1735828317000
[debug] [2025-01-02T13:35:26.911Z] Checked if tokens are valid: true, expires at: 1735828317000
[debug] [2025-01-02T13:35:26.912Z] >>> [apiv2][query] GET https://firebase.googleapis.com/v1beta1/operations/workflows/YjRlNDk1MTAtYzkzYS00N2FkLWFiZGQtZWUzOTFhYWVmYjAx [none]
[debug] [2025-01-02T13:35:31.370Z] <<< [apiv2][status] GET https://firebase.googleapis.com/v1beta1/operations/workflows/YjRlNDk1MTAtYzkzYS00N2FkLWFiZGQtZWUzOTFhYWVmYjAx 200
[debug] [2025-01-02T13:35:31.371Z] <<< [apiv2][body] GET https://firebase.googleapis.com/v1beta1/operations/workflows/YjRlNDk1MTAtYzkzYS00N2FkLWFiZGQtZWUzOTFhYWVmYjAx {"name":"operations/workflows/YjRlNDk1MTAtYzkzYS00N2FkLWFiZGQtZWUzOTFhYWVmYjAx"}
[debug] [2025-01-02T13:35:31.883Z] [Add Firebase Poller] Retrying task index 0
[debug] [2025-01-02T13:35:31.884Z] Checked if tokens are valid: true, expires at: 1735828317000
[debug] [2025-01-02T13:35:31.884Z] Checked if tokens are valid: true, expires at: 1735828317000
[debug] [2025-01-02T13:35:31.885Z] >>> [apiv2][query] GET https://firebase.googleapis.com/v1beta1/operations/workflows/YjRlNDk1MTAtYzkzYS00N2FkLWFiZGQtZWUzOTFhYWVmYjAx [none]
[debug] [2025-01-02T13:35:32.731Z] <<< [apiv2][status] GET https://firebase.googleapis.com/v1beta1/operations/workflows/YjRlNDk1MTAtYzkzYS00N2FkLWFiZGQtZWUzOTFhYWVmYjAx 200
[debug] [2025-01-02T13:35:32.731Z] <<< [apiv2][body] GET https://firebase.googleapis.com/v1beta1/operations/workflows/YjRlNDk1MTAtYzkzYS00N2FkLWFiZGQtZWUzOTFhYWVmYjAx {"name":"operations/workflows/YjRlNDk1MTAtYzkzYS00N2FkLWFiZGQtZWUzOTFhYWVmYjAx"}
[debug] [2025-01-02T13:35:33.737Z] [Add Firebase Poller] Retrying task index 0
[debug] [2025-01-02T13:35:33.737Z] Checked if tokens are valid: true, expires at: 1735828317000
[debug] [2025-01-02T13:35:33.738Z] Checked if tokens are valid: true, expires at: 1735828317000
[debug] [2025-01-02T13:35:33.738Z] >>> [apiv2][query] GET https://firebase.googleapis.com/v1beta1/operations/workflows/YjRlNDk1MTAtYzkzYS00N2FkLWFiZGQtZWUzOTFhYWVmYjAx [none]
[debug] [2025-01-02T13:35:35.466Z] <<< [apiv2][status] GET https://firebase.googleapis.com/v1beta1/operations/workflows/YjRlNDk1MTAtYzkzYS00N2FkLWFiZGQtZWUzOTFhYWVmYjAx 200
[debug] [2025-01-02T13:35:35.466Z] <<< [apiv2][body] GET https://firebase.googleapis.com/v1beta1/operations/workflows/YjRlNDk1MTAtYzkzYS00N2FkLWFiZGQtZWUzOTFhYWVmYjAx {"name":"operations/workflows/YjRlNDk1MTAtYzkzYS00N2FkLWFiZGQtZWUzOTFhYWVmYjAx"}
[debug] [2025-01-02T13:35:37.468Z] [Add Firebase Poller] Retrying task index 0
[debug] [2025-01-02T13:35:37.469Z] Checked if tokens are valid: true, expires at: 1735828317000
[debug] [2025-01-02T13:35:37.469Z] Checked if tokens are valid: true, expires at: 1735828317000
[debug] [2025-01-02T13:35:37.469Z] >>> [apiv2][query] GET https://firebase.googleapis.com/v1beta1/operations/workflows/YjRlNDk1MTAtYzkzYS00N2FkLWFiZGQtZWUzOTFhYWVmYjAx [none]
[debug] [2025-01-02T13:35:38.825Z] <<< [apiv2][status] GET https://firebase.googleapis.com/v1beta1/operations/workflows/YjRlNDk1MTAtYzkzYS00N2FkLWFiZGQtZWUzOTFhYWVmYjAx 200
[debug] [2025-01-02T13:35:38.825Z] <<< [apiv2][body] GET https://firebase.googleapis.com/v1beta1/operations/workflows/YjRlNDk1MTAtYzkzYS00N2FkLWFiZGQtZWUzOTFhYWVmYjAx {"name":"operations/workflows/YjRlNDk1MTAtYzkzYS00N2FkLWFiZGQtZWUzOTFhYWVmYjAx","done":true,"response":{"@type":"type.googleapis.com/google.firebase.service.v1beta1.FirebaseProject","projectId":"com-portfolio-web","projectNumber":"743228774439","displayName":"com-portfolio-web","name":"projects/com-portfolio-web","resources":{"hostingSite":"com-portfolio-web"}}}
[info] 
[info] === Your Firebase project is ready! ===
[info] 
[info] Project information:
[info]    - Project ID: com-portfolio-web
[info]    - Project Name: com-portfolio-web
[info] 
[info] Firebase console is available at
[info] https://console.firebase.google.com/project/com-portfolio-web/overview
[info] i  Using project com-portfolio-web (com-portfolio-web) 
[info] 
=== Hosting Setup
[debug] [2025-01-02T13:35:38.838Z] Checked if tokens are valid: true, expires at: 1735828317000
[debug] [2025-01-02T13:35:38.839Z] Checked if tokens are valid: true, expires at: 1735828317000
[debug] [2025-01-02T13:35:38.839Z] >>> [apiv2][query] GET https://firebase.googleapis.com/v1beta1/projects/com-portfolio-web [none]
[debug] [2025-01-02T13:35:39.807Z] <<< [apiv2][status] GET https://firebase.googleapis.com/v1beta1/projects/com-portfolio-web 200
[debug] [2025-01-02T13:35:39.807Z] <<< [apiv2][body] GET https://firebase.googleapis.com/v1beta1/projects/com-portfolio-web {"projectId":"com-portfolio-web","projectNumber":"743228774439","displayName":"com-portfolio-web","name":"projects/com-portfolio-web","resources":{"hostingSite":"com-portfolio-web"},"state":"ACTIVE","etag":"1_155c11cb-f0bc-4d02-ab42-dd2e83375fb8"}
[info] 
[info] Your public directory is the folder (relative to your project directory) that
[info] will contain Hosting assets to be uploaded with firebase deploy. If you
[info] have a build process for your assets, use your build's output directory.
[info] 
[debug] [2025-01-02T13:36:52.816Z] >>> [apiv2][query] GET https://www.gstatic.com/firebasejs/releases.json [none]
[debug] [2025-01-02T13:36:53.068Z] <<< [apiv2][status] GET https://www.gstatic.com/firebasejs/releases.json 200
[debug] [2025-01-02T13:36:53.069Z] <<< [apiv2][body] GET https://www.gstatic.com/firebasejs/releases.json {"current":{"version":"11.1.0","browserURL":"https://www.gstatic.com/firebasejs/11.1.0/firebase.js","packageURL":"https://www.gstatic.com/firebasejs/11.1.0/firebase.tgz"},"live":{"version":"11.1","browserURL":"https://www.gstatic.com/firebasejs/live/11.1/firebase.js","packageURL":"https://www.gstatic.com/firebasejs/live/11.1/firebase.tgz"},"components":{"analytics":"https://www.gstatic.com/firebasejs/11.1.0/firebase-analytics.js","app":"https://www.gstatic.com/firebasejs/11.1.0/firebase-app.js","app-check":"https://www.gstatic.com/firebasejs/11.1.0/firebase-app-check.js","auth":"https://www.gstatic.com/firebasejs/11.1.0/firebase-auth.js","auth/cordova":"https://www.gstatic.com/firebasejs/11.1.0/firebase-auth/cordova.js","auth/web-extension":"https://www.gstatic.com/firebasejs/11.1.0/firebase-auth/web-extension.js","functions":"https://www.gstatic.com/firebasejs/11.1.0/firebase-functions.js","firestore":"https://www.gstatic.com/firebasejs/11.1.0/firebase-firestore.js","firestore/lite":"https://www.gstatic.com/firebasejs/11.1.0/firebase-firestore/lite.js","installations":"https://www.gstatic.com/firebasejs/11.1.0/firebase-installations.js","storage":"https://www.gstatic.com/firebasejs/11.1.0/firebase-storage.js","performance":"https://www.gstatic.com/firebasejs/11.1.0/firebase-performance.js","remote-config":"https://www.gstatic.com/firebasejs/11.1.0/firebase-remote-config.js","messaging":"https://www.gstatic.com/firebasejs/11.1.0/firebase-messaging.js","messaging/sw":"https://www.gstatic.com/firebasejs/11.1.0/firebase-messaging/sw.js","database":"https://www.gstatic.com/firebasejs/11.1.0/firebase-database.js","vertexai":"https://www.gstatic.com/firebasejs/11.1.0/firebase-vertexai.js","data-connect":"https://www.gstatic.com/firebasejs/11.1.0/firebase-data-connect.js","firestore.memory":"https://www.gstatic.com/firebasejs/11.1.0/firebase-firestore.memory.js"}}
[info] i  Skipping write of build/web/index.html 
[info] 
[info] i  Didn't detect a .git folder. Assuming C:\Users\ayusha\portfolio is the project root. 
[info] i  Authorizing with GitHub to upload your service account to a GitHub repository's secrets store. 
[info] 
[info] Visit this URL on this device to log in:
[info] https://github.com/login/oauth/authorize?client_id=89cf50f02ac6aaed3484&state=489740044&redirect_uri=http%3A%2F%2Flocalhost%3A9005&scope=read%3Auser%20repo%20public_repo
[info] 
[info] Waiting for authentication...
